## Example of what the log folder looks like as of 9/2/2025

Starting update: Wed Jul 30 08:22:30 AM CDT 2025
Rebooting: Wed Jul 30 08:23:26 AM CDT 2025
Starting update: Thu Jul 31 03:00:01 AM CDT 2025
Rebooting: Thu Jul 31 03:00:12 AM CDT 2025
Starting update: Fri Aug  1 03:00:01 AM CDT 2025
Rebooting: Fri Aug  1 03:02:11 AM CDT 2025
Starting update: Sat Aug  2 03:00:01 AM CDT 2025
Rebooting: Sat Aug  2 03:00:09 AM CDT 2025
Starting update: Sun Aug  3 03:00:01 AM CDT 2025
Rebooting: Sun Aug  3 03:00:12 AM CDT 2025
Starting update: Mon Aug  4 03:00:01 AM CDT 2025
Rebooting: Mon Aug  4 03:00:12 AM CDT 2025
Starting update: Tue Aug  5 03:00:01 AM CDT 2025
Rebooting: Tue Aug  5 03:00:12 AM CDT 2025
Starting update: Wed Aug  6 03:00:01 AM CDT 2025
Rebooting: Wed Aug  6 03:00:48 AM CDT 2025
Starting update: Thu Aug  7 03:00:01 AM CDT 2025
Rebooting: Thu Aug  7 03:00:11 AM CDT 2025
Starting update: Fri Aug  8 03:00:01 AM CDT 2025
Rebooting: Fri Aug  8 03:00:14 AM CDT 2025
Starting update: Sat Aug  9 03:00:01 AM CDT 2025
Rebooting: Sat Aug  9 03:01:35 AM CDT 2025
Starting update: Sun Aug 10 03:00:02 AM CDT 2025
Rebooting: Sun Aug 10 03:00:12 AM CDT 2025
Starting update: Mon Aug 11 03:00:01 AM CDT 2025
Rebooting: Mon Aug 11 03:00:11 AM CDT 2025
Starting update: Tue Aug 12 03:00:01 AM CDT 2025
Rebooting: Tue Aug 12 03:00:36 AM CDT 2025
Starting update: Wed Aug 13 03:00:01 AM CDT 2025
Rebooting: Wed Aug 13 03:00:36 AM CDT 2025
Starting update: Thu Aug 14 03:00:01 AM CDT 2025
Rebooting: Thu Aug 14 03:02:40 AM CDT 2025
Starting update: Fri Aug 15 03:00:01 AM CDT 2025
Rebooting: Fri Aug 15 03:01:28 AM CDT 2025
Starting update: Sat Aug 16 03:00:01 AM CDT 2025
Rebooting: Sat Aug 16 03:00:15 AM CDT 2025
Starting update: Sun Aug 17 03:00:01 AM CDT 2025
Rebooting: Sun Aug 17 03:00:10 AM CDT 2025
Starting update: Mon Aug 18 03:00:01 AM CDT 2025
Rebooting: Mon Aug 18 03:00:10 AM CDT 2025
Starting update: Tue Aug 19 03:00:01 AM CDT 2025
Rebooting: Tue Aug 19 03:01:38 AM CDT 2025
Starting update: Wed Aug 20 03:00:01 AM CDT 2025
Rebooting: Wed Aug 20 03:01:09 AM CDT 2025
Starting update: Thu Aug 21 03:00:01 AM CDT 2025
Rebooting: Thu Aug 21 03:00:11 AM CDT 2025
Starting update: Fri Aug 22 03:00:01 AM CDT 2025
Rebooting: Fri Aug 22 03:01:17 AM CDT 2025
Starting update: Sat Aug 23 03:00:01 AM CDT 2025
Rebooting: Sat Aug 23 03:00:11 AM CDT 2025
Starting update: Sun Aug 24 03:00:01 AM CDT 2025
Rebooting: Sun Aug 24 03:00:09 AM CDT 2025
Starting update: Mon Aug 25 03:00:01 AM CDT 2025
Rebooting: Mon Aug 25 03:00:10 AM CDT 2025
Starting update: Tue Aug 26 03:00:01 AM CDT 2025
Rebooting: Tue Aug 26 03:03:29 AM CDT 2025
Starting update: Wed Aug 27 03:00:01 AM CDT 2025
Rebooting: Wed Aug 27 03:01:11 AM CDT 2025
Starting update: Thu Aug 28 03:00:01 AM CDT 2025
Rebooting: Thu Aug 28 03:00:20 AM CDT 2025
Starting update: Fri Aug 29 03:00:01 AM CDT 2025
Rebooting: Fri Aug 29 03:00:39 AM CDT 2025
Starting update: Sat Aug 30 03:00:01 AM CDT 2025
Rebooting: Sat Aug 30 03:01:07 AM CDT 2025
Starting update: Sun Aug 31 03:00:01 AM CDT 2025
Rebooting: Sun Aug 31 03:00:10 AM CDT 2025
Starting update: Mon Sep  1 03:00:01 AM CDT 2025
Rebooting: Mon Sep  1 03:00:11 AM CDT 2025
Starting update: Tue Sep  2 03:00:01 AM CDT 2025
Rebooting: Tue Sep  2 03:03:37 AM CDT 2025
